{
  "RSpec": {
    "coverage": {
      "/Users/inito/Documents/rails/rails6/annotate_images/app/controllers/images_controller.rb": {
        "lines": [
          1,
          null,
          1,
          null,
          1,
          null,
          1,
          1,
          null,
          null,
          1,
          1,
          null,
          null,
          1,
          1,
          1,
          1,
          null,
          null,
          null,
          1,
          4,
          3,
          3,
          1,
          2,
          1,
          1,
          null,
          1,
          null,
          null,
          null,
          3,
          2,
          2,
          null,
          1,
          1,
          null,
          null,
          1,
          1,
          null,
          null,
          null,
          1,
          1,
          1,
          1,
          null,
          null,
          1,
          null,
          null,
          1,
          3,
          3,
          14,
          13,
          13,
          null,
          1,
          2,
          null,
          1,
          null,
          null,
          null,
          2,
          2,
          2,
          null,
          2,
          null,
          null,
          null,
          null,
          1,
          1,
          1,
          null,
          1,
          1,
          1,
          null,
          null,
          1,
          1,
          null,
          null,
          1,
          1,
          1,
          1,
          1,
          null,
          null,
          1,
          1,
          7,
          null,
          null,
          1,
          7,
          null,
          null,
          1,
          1,
          null,
          null,
          null
        ]
      },
      "/Users/inito/Documents/rails/rails6/annotate_images/app/controllers/application_controller.rb": {
        "lines": [
          1,
          null
        ]
      },
      "/Users/inito/Documents/rails/rails6/annotate_images/app/controllers/pages_controller.rb": {
        "lines": [
          1,
          1,
          null,
          null
        ]
      },
      "/Users/inito/Documents/rails/rails6/annotate_images/app/models/annotation.rb": {
        "lines": [
          1,
          1,
          1,
          1,
          null
        ]
      },
      "/Users/inito/Documents/rails/rails6/annotate_images/app/models/application_record.rb": {
        "lines": [
          1,
          1,
          null
        ]
      },
      "/Users/inito/Documents/rails/rails6/annotate_images/app/models/image.rb": {
        "lines": [
          1,
          1,
          1,
          1,
          null
        ]
      },
      "/Users/inito/Documents/rails/rails6/annotate_images/app/mailers/application_mailer.rb": {
        "lines": [
          0,
          0,
          0,
          0
        ],
        "branches": {
        }
      },
      "/Users/inito/Documents/rails/rails6/annotate_images/app/jobs/application_job.rb": {
        "lines": [
          0,
          null,
          null,
          null,
          null,
          null,
          0
        ],
        "branches": {
        }
      },
      "/Users/inito/Documents/rails/rails6/annotate_images/app/helpers/application_helper.rb": {
        "lines": [
          0,
          0
        ],
        "branches": {
        }
      },
      "/Users/inito/Documents/rails/rails6/annotate_images/app/channels/application_cable/connection.rb": {
        "lines": [
          0,
          0,
          0,
          0
        ],
        "branches": {
        }
      },
      "/Users/inito/Documents/rails/rails6/annotate_images/app/channels/application_cable/channel.rb": {
        "lines": [
          0,
          0,
          0,
          0
        ],
        "branches": {
        }
      }
    },
    "timestamp": 1693554846
  }
}
